<?xml version="1.0" encoding="UTF-8"?>
<!-- Generated by org.testng.reporters.JUnitXMLReporter -->
<testsuite ignored="0" hostname="DESKTOP-LIFQUMT" failures="1" tests="1" name="ValidateTitle" time="17.281" errors="0" timestamp="2020-10-13T10:47:17 IST">
  <testcase classname="Academy.E2EProject.validateJV" name="basePageNavigation" time="0.125">
    <failure type="java.lang.AssertionError" message="expected [FEATURE COURSES] but found [FEATURED COURSES]">
      <![CDATA[java.lang.AssertionError: expected [FEATURE COURSES] but found [FEATURED COURSES]
at Academy.E2EProject.validateJV.basePageNavigation(validateJV.java:38)
at java.base/java.util.ArrayList.forEach(ArrayList.java:1507)
... Removed 33 stack frames]]>
    </failure>
  </testcase> <!-- basePageNavigation -->
</testsuite> <!-- ValidateTitle -->
