<?xml version="1.0" encoding="UTF-8"?>
<testng-results total="3" passed="3" failed="0" skipped="0">
  <reporter-output>
  </reporter-output>
  <suite started-at="2020-10-13T04:21:48Z" name="Suite" finished-at="2020-10-13T04:22:34Z" duration-ms="46099">
    <groups>
    </groups>
    <test started-at="2020-10-13T04:21:48Z" name="TestHomePage" finished-at="2020-10-13T04:22:06Z" duration-ms="18144">
      <class name="Academy.E2EProject.HomePage">
        <test-method is-config="true" signature="tearUP()[pri:0, instance:Academy.E2EProject.HomePage@2c532cd8]" started-at="2020-10-13T09:51:48Z" name="tearUP" finished-at="2020-10-13T09:52:01Z" duration-ms="12731" status="PASS">
          <reporter-output>
          </reporter-output>
        </test-method> <!-- tearUP -->
        <test-method signature="basePageNavigation(java.lang.String, java.lang.String)[pri:0, instance:Academy.E2EProject.HomePage@2c532cd8]" started-at="2020-10-13T09:52:01Z" name="basePageNavigation" data-provider="getData" finished-at="2020-10-13T09:52:03Z" duration-ms="2492" status="PASS">
          <params>
            <param index="0">
              <value>
                <![CDATA[Notrestricted@gmail.com]]>
              </value>
            </param>
            <param index="1">
              <value>
                <![CDATA[Coventry@2020]]>
              </value>
            </param>
          </params>
          <reporter-output>
          </reporter-output>
        </test-method> <!-- basePageNavigation -->
        <test-method is-config="true" signature="teardown()[pri:0, instance:Academy.E2EProject.HomePage@2c532cd8]" started-at="2020-10-13T09:52:03Z" name="teardown" finished-at="2020-10-13T09:52:06Z" duration-ms="2906" status="PASS">
          <reporter-output>
          </reporter-output>
        </test-method> <!-- teardown -->
      </class> <!-- Academy.E2EProject.HomePage -->
    </test> <!-- TestHomePage -->
    <test started-at="2020-10-13T04:22:06Z" name="ValidateTitle" finished-at="2020-10-13T04:22:19Z" duration-ms="12292">
      <class name="Academy.E2EProject.validateJV">
        <test-method is-config="true" signature="tearUP()[pri:0, instance:Academy.E2EProject.validateJV@3a393455]" started-at="2020-10-13T09:52:06Z" name="tearUP" finished-at="2020-10-13T09:52:16Z" duration-ms="9811" status="PASS">
          <reporter-output>
          </reporter-output>
        </test-method> <!-- tearUP -->
        <test-method signature="basePageNavigation()[pri:0, instance:Academy.E2EProject.validateJV@3a393455]" started-at="2020-10-13T09:52:16Z" name="basePageNavigation" finished-at="2020-10-13T09:52:16Z" duration-ms="117" status="PASS">
          <reporter-output>
          </reporter-output>
        </test-method> <!-- basePageNavigation -->
        <test-method is-config="true" signature="teardown()[pri:0, instance:Academy.E2EProject.validateJV@3a393455]" started-at="2020-10-13T09:52:16Z" name="teardown" finished-at="2020-10-13T09:52:19Z" duration-ms="2364" status="PASS">
          <reporter-output>
          </reporter-output>
        </test-method> <!-- teardown -->
      </class> <!-- Academy.E2EProject.validateJV -->
    </test> <!-- ValidateTitle -->
    <test started-at="2020-10-13T04:22:19Z" name="ValidateNav" finished-at="2020-10-13T04:22:34Z" duration-ms="15521">
      <class name="Academy.E2EProject.validateNav">
        <test-method is-config="true" signature="tearUP()[pri:0, instance:Academy.E2EProject.validateNav@8692d67]" started-at="2020-10-13T09:52:19Z" name="tearUP" finished-at="2020-10-13T09:52:31Z" duration-ms="12486" status="PASS">
          <reporter-output>
          </reporter-output>
        </test-method> <!-- tearUP -->
        <test-method signature="basePageNavigation()[pri:0, instance:Academy.E2EProject.validateNav@8692d67]" started-at="2020-10-13T09:52:31Z" name="basePageNavigation" finished-at="2020-10-13T09:52:31Z" duration-ms="196" status="PASS">
          <reporter-output>
          </reporter-output>
        </test-method> <!-- basePageNavigation -->
        <test-method is-config="true" signature="teardown()[pri:0, instance:Academy.E2EProject.validateNav@8692d67]" started-at="2020-10-13T09:52:31Z" name="teardown" finished-at="2020-10-13T09:52:34Z" duration-ms="2838" status="PASS">
          <reporter-output>
          </reporter-output>
        </test-method> <!-- teardown -->
      </class> <!-- Academy.E2EProject.validateNav -->
    </test> <!-- ValidateNav -->
  </suite> <!-- Suite -->
</testng-results>
