<?xml version="1.0" encoding="UTF-8"?>
<testsuite xmlns:xsi="http://www.w3.org/2001/XMLSchema-instance" xsi:noNamespaceSchemaLocation="https://maven.apache.org/surefire/maven-surefire-plugin/xsd/surefire-test-report.xsd" name="TestSuite" time="49.492" tests="3" errors="0" skipped="0" failures="0">
  <properties>
[...]
</properties>
  <testcase name="basePageNavigation" classname="Academy.E2EProject.HomePage" time="2.493"/>
  <testcase name="basePageNavigation" classname="Academy.E2EProject.validateJV" time="0.117"/>
  <testcase name="basePageNavigation" classname="Academy.E2EProject.validateNav" time="0.196"/>
</testsuite>